<?xml version="1.0" encoding="UTF-8"?>
<testng-results skipped="0" failed="0" ignored="0" total="2" passed="2">
  <reporter-output>
  </reporter-output>
  <suite name="Default suite" duration-ms="10699" started-at="2022-08-16T13:00:39 EDT" finished-at="2022-08-16T13:00:50 EDT">
    <groups>
    </groups>
    <test name="Default test" duration-ms="10699" started-at="2022-08-16T13:00:39 EDT" finished-at="2022-08-16T13:00:50 EDT">
      <class name="variousConcepts.LearnTestNG">
        <test-method status="PASS" signature="readConfig()[pri:0, instance:variousConcepts.LearnTestNG@3e57cd70]" name="readConfig" is-config="true" duration-ms="9" started-at="2022-08-16T13:00:39 EDT" finished-at="2022-08-16T13:00:39 EDT">
          <reporter-output>
          </reporter-output>
        </test-method> <!-- readConfig -->
        <test-method status="PASS" signature="init()[pri:0, instance:variousConcepts.LearnTestNG@3e57cd70]" name="init" is-config="true" duration-ms="3412" started-at="2022-08-16T13:00:39 EDT" finished-at="2022-08-16T13:00:43 EDT">
          <reporter-output>
          </reporter-output>
        </test-method> <!-- init -->
        <test-method status="PASS" signature="loginTest()[pri:1, instance:variousConcepts.LearnTestNG@3e57cd70]" name="loginTest" duration-ms="1081" started-at="2022-08-16T13:00:43 EDT" finished-at="2022-08-16T13:00:44 EDT">
          <reporter-output>
          </reporter-output>
        </test-method> <!-- loginTest -->
        <test-method status="PASS" signature="init()[pri:0, instance:variousConcepts.LearnTestNG@3e57cd70]" name="init" is-config="true" duration-ms="2226" started-at="2022-08-16T13:00:44 EDT" finished-at="2022-08-16T13:00:46 EDT">
          <reporter-output>
          </reporter-output>
        </test-method> <!-- init -->
        <test-method status="PASS" signature="addcustomer()[pri:2, instance:variousConcepts.LearnTestNG@3e57cd70]" name="addcustomer" duration-ms="3923" started-at="2022-08-16T13:00:46 EDT" finished-at="2022-08-16T13:00:50 EDT">
          <reporter-output>
          </reporter-output>
        </test-method> <!-- addcustomer -->
      </class> <!-- variousConcepts.LearnTestNG -->
    </test> <!-- Default test -->
  </suite> <!-- Default suite -->
</testng-results>
